==45111== Memcheck, a memory error detector
==45111== Copyright (C) 2002-2012, and GNU GPL'd, by Julian Seward et al.
==45111== Using Valgrind-3.8.1 and LibVEX; rerun with -h for copyright info
==45111== Command: ./pa03
==45111== Parent PID: 22591
==45111== 
--45111-- 
--45111-- Valgrind options:
--45111--    --tool=memcheck
--45111--    --leak-check=full
--45111--    --verbose
--45111--    --log-file=memcheck.log
--45111-- Contents of /proc/version:
--45111--   Linux version 2.6.32-431.29.2.el6.x86_64 (mockbuild@x86-026.build.eng.bos.redhat.com) (gcc version 4.4.7 20120313 (Red Hat 4.4.7-4) (GCC) ) #1 SMP Sun Jul 27 15:55:46 EDT 2014
--45111-- Arch and hwcaps: AMD64, amd64-sse3-cx16-avx
--45111-- Page sizes: currently 4096, max supported 4096
--45111-- Valgrind library directory: /usr/lib64/valgrind
--45111-- Reading syms from /home/shay/a/cai71/ECE264/solutions/ECE264-HW/PA03/pa03
--45111-- Reading syms from /usr/lib64/valgrind/memcheck-amd64-linux
--45111--    object doesn't have a dynamic symbol table
--45111-- Reading syms from /lib64/ld-2.12.so
--45111--   Considering /usr/lib/debug/.build-id/57/bf668f99b7f5917b8d55fbb645173c9a644575.debug ..
--45111--   .. build-id is valid
--45111-- Scheduler: using generic scheduler lock implementation.
--45111-- Reading suppressions file: /usr/lib64/valgrind/default.supp
==45111== embedded gdbserver: reading from /tmp/vgdb-pipe-from-vgdb-to-45111-by-cai71-on-ecegrid-thin4.ecn.purdue.edu
==45111== embedded gdbserver: writing to   /tmp/vgdb-pipe-to-vgdb-from-45111-by-cai71-on-ecegrid-thin4.ecn.purdue.edu
==45111== embedded gdbserver: shared mem   /tmp/vgdb-pipe-shared-mem-vgdb-45111-by-cai71-on-ecegrid-thin4.ecn.purdue.edu
==45111== 
==45111== TO CONTROL THIS PROCESS USING vgdb (which you probably
==45111== don't want to do, unless you know exactly what you're doing,
==45111== or are doing some strange experiment):
==45111==   /usr/lib64/valgrind/../../bin/vgdb --pid=45111 ...command...
==45111== 
==45111== TO DEBUG THIS PROCESS USING GDB: start GDB like this
==45111==   /path/to/gdb ./pa03
==45111== and then give GDB the following command
==45111==   target remote | /usr/lib64/valgrind/../../bin/vgdb --pid=45111
==45111== --pid is optional if only one valgrind process is running
==45111== 
--45111-- REDIR: 0x36c2417530 (strlen) redirected to 0x38049551 (vgPlain_amd64_linux_REDIR_FOR_strlen)
--45111-- Reading syms from /usr/lib64/valgrind/vgpreload_core-amd64-linux.so
--45111-- Reading syms from /usr/lib64/valgrind/vgpreload_memcheck-amd64-linux.so
--45111-- REDIR: 0x36c24173a0 (index) redirected to 0x4a07bf0 (index)
--45111-- REDIR: 0x36c2417420 (strcmp) redirected to 0x4a08530 (strcmp)
--45111-- Reading syms from /lib64/libc-2.12.so
--45111--   Considering /usr/lib/debug/.build-id/07/b5ce35eba864a01b697f5ca117e94b9248064f.debug ..
--45111--   .. build-id is valid
--45111-- REDIR: 0x36c2884cd0 (strcasecmp) redirected to 0x480155c (_vgnU_ifunc_wrapper)
--45111-- REDIR: 0x36c2886f90 (strncasecmp) redirected to 0x480155c (_vgnU_ifunc_wrapper)
--45111-- REDIR: 0x36c2882c40 (__GI_strrchr) redirected to 0x4a07a70 (__GI_strrchr)
--45111-- REDIR: 0x36c287a640 (malloc) redirected to 0x4a0696c (malloc)
--45111-- REDIR: 0x36c2881160 (__GI_strlen) redirected to 0x4a07f70 (__GI_strlen)
--45111-- REDIR: 0x36c2889670 (memcpy) redirected to 0x4a08b20 (memcpy)
--45111-- REDIR: 0x36c287f630 (index) redirected to 0x480155c (_vgnU_ifunc_wrapper)
--45111-- REDIR: 0x36c29281e0 (__strchr_sse42) redirected to 0x4a07b00 (index)
--45111-- REDIR: 0x36c2881120 (strlen) redirected to 0x480155c (_vgnU_ifunc_wrapper)
--45111-- REDIR: 0x36c2933560 (__strlen_sse42) redirected to 0x4a07f50 (strlen)
--45111-- REDIR: 0x36c288aaf0 (strchrnul) redirected to 0x4a09f10 (strchrnul)
--45111-- REDIR: 0x36c287b520 (free) redirected to 0x4a06369 (free)
==45111== 
==45111== HEAP SUMMARY:
==45111==     in use at exit: 23 bytes in 2 blocks
==45111==   total heap usage: 7 allocs, 5 frees, 69 bytes allocated
==45111== 
==45111== Searching for pointers to 2 not-freed blocks
==45111== Checked 64,664 bytes
==45111== 
==45111== 3 bytes in 1 blocks are definitely lost in loss record 1 of 2
==45111==    at 0x4A069EE: malloc (vg_replace_malloc.c:270)
==45111==    by 0x400AB3: main (in /home/shay/a/cai71/ECE264/solutions/ECE264-HW/PA03/pa03)
==45111== 
==45111== 20 bytes in 1 blocks are definitely lost in loss record 2 of 2
==45111==    at 0x4A069EE: malloc (vg_replace_malloc.c:270)
==45111==    by 0x400AC1: main (in /home/shay/a/cai71/ECE264/solutions/ECE264-HW/PA03/pa03)
==45111== 
==45111== LEAK SUMMARY:
==45111==    definitely lost: 23 bytes in 2 blocks
==45111==    indirectly lost: 0 bytes in 0 blocks
==45111==      possibly lost: 0 bytes in 0 blocks
==45111==    still reachable: 0 bytes in 0 blocks
==45111==         suppressed: 0 bytes in 0 blocks
==45111== 
==45111== ERROR SUMMARY: 2 errors from 2 contexts (suppressed: 6 from 6)
--45111-- 
--45111-- used_suppression:      4 U1004-ARM-_dl_relocate_object
--45111-- used_suppression:      2 glibc-2.5.x-on-SUSE-10.2-(PPC)-2a
==45111== 
==45111== ERROR SUMMARY: 2 errors from 2 contexts (suppressed: 6 from 6)
