commit 2bcdce90f34dbdf60fe15a946be5be467bb955e8
Author: CSIYI <cai71@purdue.edu>
Date:   Tue Sep 30 11:11:33 2014 -0400

    echo + cat

commit 486ee35b2f724d10f8b724b46966bd7d81eeb6bb
Author: CSIYI <cai71@purdue.edu>
Date:   Fri Sep 19 00:34:11 2014 -0400

    final edited

commit 33359505de2533062569900a7229a15f66a51e6c
Author: CSIYI <cai71@purdue.edu>
Date:   Fri Sep 19 00:32:45 2014 -0400

    final draft

commit 03237fad7d63140cfb7702b429c12e7aee92833e
Author: CSIYI <cai71@purdue.edu>
Date:   Tue Sep 9 12:34:52 2014 -0400

    final edited

commit d2b86c13de8922147593b67660e3f56b2e5cf803
Author: CSIYI <cai71@purdue.edu>
Date:   Tue Sep 9 02:11:22 2014 -0400

    answer.c Not pass

commit 0afd55d4207263fbcfc10338ad02c05cf794faef
Author: CSIYI <cai71@purdue.edu>
Date:   Mon Sep 8 20:22:33 2014 -0400

    answer02.c after gcc

commit 82cab8428624a97c09a6bce37105aef1d50b2b16
Author: CSIYI <cai71@purdue.edu>
Date:   Mon Sep 8 19:14:25 2014 -0400

    answer02.c

commit f94253d35ecd93f966703970896a2917db6621ae
Author: CSIYI <cai71@purdue.edu>
Date:   Sat Sep 6 16:23:29 2014 -0400

    hw02

commit bbbe407243cb1a9d87db27411b647dcfab5f04f1
Author: Siyi Cai <cai71@ecegrid-thin1.ecn.purdue.edu>
Date:   Sat Sep 6 16:14:44 2014 -0400

    start homework

commit b2bb39d722032c10aa26a1e327df5d62007c607d
Author: CSIYI <CSIYI@github.com>
Date:   Sat Sep 6 13:32:32 2014 -0400

    start homework
